{
  "RSpec": {
    "coverage": {
      "/Users/xav/dev/side/godot/game_api/app/models/user.rb": {
        "lines": [
          null,
          null,
          null,
          null,
          null,
          null,
          null,
          null,
          null,
          null,
          null,
          null,
          null,
          null,
          null,
          null,
          null,
          null,
          null,
          null,
          null,
          null,
          1,
          null,
          null,
          1,
          null,
          null,
          1,
          1,
          1,
          null
        ]
      },
      "/Users/xav/dev/side/godot/game_api/app/models/application_record.rb": {
        "lines": [
          null,
          null,
          1,
          1,
          null
        ]
      },
      "/Users/xav/dev/side/godot/game_api/app/controllers/api/v1/registrations_controller.rb": {
        "lines": [
          null,
          null,
          1,
          1,
          1,
          1,
          null,
          1,
          1,
          null,
          1,
          2,
          2,
          null,
          2,
          1,
          null,
          1,
          null,
          null,
          null,
          1,
          null,
          1,
          3,
          null,
          2,
          null,
          null,
          1,
          3,
          null,
          null,
          1,
          3,
          2,
          null,
          1,
          null,
          null,
          null,
          1,
          2,
          null,
          null,
          null,
          null
        ]
      },
      "/Users/xav/dev/side/godot/game_api/app/controllers/application_controller.rb": {
        "lines": [
          null,
          null,
          1,
          1,
          1,
          null,
          null,
          1,
          null,
          1,
          null,
          1,
          null,
          1,
          null,
          1,
          9,
          9,
          null,
          null
        ]
      },
      "/Users/xav/dev/side/godot/game_api/app/controllers/api/v1/sessions_controller.rb": {
        "lines": [
          null,
          null,
          1,
          1,
          1,
          1,
          null,
          1,
          null,
          1,
          4,
          4,
          null,
          4,
          3,
          null,
          3,
          3,
          3,
          null,
          1,
          null,
          null,
          null,
          1,
          null,
          1,
          4,
          null,
          4,
          null,
          null,
          null,
          null
        ]
      }
    },
    "timestamp": 1761389961
  }
}
