{
  "RSpec": {
    "coverage": {
      "/Users/xav/dev/side/godot/game_api/app/models/user.rb": {
        "lines": [
          null,
          null,
          null,
          null,
          null,
          null,
          null,
          null,
          null,
          null,
          null,
          null,
          null,
          null,
          null,
          null,
          null,
          null,
          null,
          null,
          null,
          null,
          1,
          null,
          null,
          1,
          null,
          null,
          1,
          1,
          1,
          null,
          1,
          1,
          null,
          1,
          3,
          null,
          null
        ]
      },
      "/Users/xav/dev/side/godot/game_api/app/models/application_record.rb": {
        "lines": [
          null,
          null,
          1,
          1,
          null
        ]
      },
      "/Users/xav/dev/side/godot/game_api/app/channels/lobby_channel.rb": {
        "lines": [
          null,
          null,
          1,
          1,
          2,
          2,
          null,
          null,
          1,
          null
        ]
      },
      "/Users/xav/dev/side/godot/game_api/app/models/ability.rb": {
        "lines": [
          null,
          null,
          1,
          1,
          null,
          1,
          6,
          null,
          5,
          5,
          null,
          null
        ]
      },
      "/Users/xav/dev/side/godot/game_api/app/models/lobby.rb": {
        "lines": [
          null,
          null,
          null,
          null,
          null,
          null,
          null,
          null,
          null,
          null,
          null,
          null,
          null,
          null,
          null,
          null,
          null,
          null,
          null,
          null,
          null,
          null,
          null,
          1,
          1,
          1,
          null,
          1,
          1,
          null,
          1,
          null,
          null,
          null,
          null,
          null,
          1,
          null,
          1,
          null,
          1,
          null,
          1,
          1,
          null,
          null,
          1,
          1,
          null,
          null,
          null,
          null,
          null,
          null,
          null,
          null
        ]
      },
      "/Users/xav/dev/side/godot/game_api/app/controllers/api/v1/registrations_controller.rb": {
        "lines": [
          null,
          null,
          1,
          1,
          1,
          1,
          null,
          1,
          1,
          null,
          1,
          2,
          2,
          null,
          2,
          1,
          null,
          1,
          null,
          null,
          null,
          1,
          null,
          1,
          3,
          null,
          2,
          null,
          null,
          1,
          3,
          null,
          null,
          1,
          3,
          2,
          null,
          1,
          null,
          null,
          null,
          1,
          2,
          null,
          null,
          null,
          null
        ]
      },
      "/Users/xav/dev/side/godot/game_api/app/controllers/application_controller.rb": {
        "lines": [
          null,
          null,
          1,
          1,
          1,
          null,
          null,
          1,
          null,
          1,
          null,
          1,
          null,
          1,
          null,
          1,
          16,
          16,
          null,
          null
        ]
      },
      "/Users/xav/dev/side/godot/game_api/app/controllers/api/v1/sessions_controller.rb": {
        "lines": [
          null,
          null,
          1,
          1,
          1,
          1,
          null,
          1,
          null,
          1,
          11,
          11,
          null,
          11,
          10,
          null,
          10,
          10,
          10,
          null,
          1,
          null,
          null,
          null,
          1,
          null,
          1,
          11,
          null,
          11,
          null,
          null,
          null,
          null
        ]
      },
      "/Users/xav/dev/side/godot/game_api/app/controllers/api/v1/lobbies_controller.rb": {
        "lines": [
          null,
          null,
          1,
          1,
          1,
          1,
          null,
          1,
          1,
          1,
          null,
          null,
          null,
          1,
          1,
          null,
          null,
          null,
          1,
          2,
          2,
          1,
          null,
          null,
          1,
          null,
          null,
          null,
          null,
          1,
          2,
          1,
          null,
          null,
          1,
          null,
          null,
          null,
          null,
          1,
          1,
          1,
          null,
          null,
          1,
          null,
          1,
          4,
          null,
          null,
          1,
          4,
          null,
          null,
          null,
          null
        ]
      },
      "/Users/xav/dev/side/godot/game_api/app/controllers/authenticated_controller.rb": {
        "lines": [
          null,
          null,
          1,
          1,
          null
        ]
      },
      "/Users/xav/dev/side/godot/game_api/app/blueprints/lobby_blueprint.rb": {
        "lines": [
          null,
          null,
          1,
          1,
          1,
          null,
          1,
          1,
          null
        ]
      },
      "/Users/xav/dev/side/godot/game_api/app/blueprints/user_blueprint.rb": {
        "lines": [
          null,
          null,
          1,
          1,
          null,
          1,
          null
        ]
      }
    },
    "timestamp": 1761482493
  }
}
